<?xml version="1.0" encoding="UTF-8"?>
<testng-results ignored="0" total="1" passed="1" failed="0" skipped="0">
  <reporter-output>
  </reporter-output>
  <suite started-at="2020-12-07T03:10:57Z" name="Default suite" finished-at="2020-12-07T03:12:16Z" duration-ms="79086">
    <groups>
    </groups>
    <test started-at="2020-12-07T03:10:57Z" name="Default test" finished-at="2020-12-07T03:12:16Z" duration-ms="79086">
      <class name="appiumtest.AmazonMobileTest">
        <test-method signature="FirstTestCase()[pri:0, instance:appiumtest.AmazonMobileTest@2cb4893b]" started-at="2020-12-07T03:10:57Z" name="FirstTestCase" finished-at="2020-12-07T03:12:16Z" duration-ms="79062" status="PASS">
          <reporter-output>
          </reporter-output>
        </test-method> <!-- FirstTestCase -->
      </class> <!-- appiumtest.AmazonMobileTest -->
    </test> <!-- Default test -->
  </suite> <!-- Default suite -->
</testng-results>
